Processing:   0%|          | 0/46000 [00:00<?, ?item/s]Processing:   0%|          | 1/46000 [00:00<4:14:56,  3.01item/s]Processing:   0%|          | 2/46000 [00:00<4:21:44,  2.93item/s]Processing:   0%|          | 3/46000 [00:01<4:50:59,  2.63item/s]Processing:   0%|          | 4/46000 [00:01<6:49:13,  1.87item/s]Processing:   0%|          | 5/46000 [00:02<6:04:54,  2.10item/s]Processing:   0%|          | 6/46000 [00:02<6:02:03,  2.12item/s]Processing:   0%|          | 7/46000 [00:03<7:31:48,  1.70item/s]Processing:   0%|          | 8/46000 [00:03<6:57:35,  1.84item/s]Processing:   0%|          | 9/46000 [00:04<6:05:14,  2.10item/s]Processing:   0%|          | 10/46000 [00:04<6:20:36,  2.01item/s]Processing:   0%|          | 11/46000 [00:05<6:24:00,  2.00item/s]Processing:   0%|          | 12/46000 [00:05<5:59:36,  2.13item/s]Processing:   0%|          | 13/46000 [00:06<6:27:13,  1.98item/s]Processing:   0%|          | 14/46000 [00:06<6:39:50,  1.92item/s]Processing:   0%|          | 15/46000 [00:07<6:56:42,  1.84item/s]Processing:   0%|          | 16/46000 [00:08<7:43:45,  1.65item/s]Processing:   0%|          | 17/46000 [00:08<7:29:07,  1.71item/s]Processing:   0%|          | 18/46000 [00:09<6:46:00,  1.89item/s]Processing:   0%|          | 19/46000 [00:09<6:18:34,  2.02item/s]Processing:   0%|          | 20/46000 [00:10<6:03:15,  2.11item/s]Processing:   0%|          | 21/46000 [00:10<5:57:09,  2.15item/s]Processing:   0%|          | 22/46000 [00:10<5:29:33,  2.33item/s]Processing:   0%|          | 23/46000 [00:11<5:06:19,  2.50item/s]Processing:   0%|          | 24/46000 [00:11<4:51:14,  2.63item/s]Processing:   0%|          | 25/46000 [00:11<5:18:38,  2.40item/s]Processing:   0%|          | 26/46000 [00:12<5:15:30,  2.43item/s]Processing:   0%|          | 27/46000 [00:12<5:08:14,  2.49item/s]Processing:   0%|          | 28/46000 [00:13<6:55:04,  1.85item/s]Processing:   0%|          | 29/46000 [00:14<6:28:07,  1.97item/s]Processing:   0%|          | 30/46000 [00:14<6:00:50,  2.12item/s]Processing:   0%|          | 31/46000 [00:14<5:40:16,  2.25item/s]Processing:   0%|          | 32/46000 [00:15<5:21:17,  2.38item/s]Processing:   0%|          | 33/46000 [00:15<5:05:24,  2.51item/s]Processing:   0%|          | 34/46000 [00:16<5:21:58,  2.38item/s]Processing:   0%|          | 35/46000 [00:16<5:21:05,  2.39item/s]Processing:   0%|          | 36/46000 [00:16<5:39:01,  2.26item/s]Processing:   0%|          | 37/46000 [00:17<6:45:51,  1.89item/s]Processing:   0%|          | 38/46000 [00:18<6:13:52,  2.05item/s]Processing:   0%|          | 39/46000 [00:18<5:48:33,  2.20item/s]Processing:   0%|          | 40/46000 [00:18<5:34:22,  2.29item/s]Processing:   0%|          | 41/46000 [00:19<5:22:52,  2.37item/s]Processing:   0%|          | 42/46000 [00:19<5:31:27,  2.31item/s]Processing:   0%|          | 43/46000 [00:20<5:32:17,  2.31item/s]Processing:   0%|          | 44/46000 [00:20<5:11:26,  2.46item/s]Processing:   0%|          | 45/46000 [00:20<5:08:17,  2.48item/s]Processing:   0%|          | 46/46000 [00:21<5:01:12,  2.54item/s]Processing:   0%|          | 47/46000 [00:21<4:54:08,  2.60item/s]Processing:   0%|          | 48/46000 [00:21<4:37:42,  2.76item/s]Processing:   0%|          | 49/46000 [00:22<5:09:35,  2.47item/s]Processing:   0%|          | 50/46000 [00:22<5:41:22,  2.24item/s]Processing:   0%|          | 51/46000 [00:23<5:10:57,  2.46item/s]Processing:   0%|          | 52/46000 [00:23<5:06:00,  2.50item/s]Processing:   0%|          | 53/46000 [00:24<5:05:43,  2.50item/s]Processing:   0%|          | 54/46000 [00:24<4:52:01,  2.62item/s]Processing:   0%|          | 55/46000 [00:24<4:47:24,  2.66item/s]Processing:   0%|          | 56/46000 [00:25<4:41:14,  2.72item/s]Processing:   0%|          | 57/46000 [00:25<4:54:00,  2.60item/s]Processing:   0%|          | 58/46000 [00:25<4:46:10,  2.68item/s]Processing:   0%|          | 59/46000 [00:26<5:00:32,  2.55item/s]Processing:   0%|          | 60/46000 [00:27<6:16:01,  2.04item/s]Processing:   0%|          | 61/46000 [00:27<5:39:25,  2.26item/s]Processing:   0%|          | 62/46000 [00:27<5:18:15,  2.41item/s]Processing:   0%|          | 63/46000 [00:28<5:14:08,  2.44item/s]Processing:   0%|          | 64/46000 [00:28<5:11:56,  2.45item/s]Processing:   0%|          | 65/46000 [00:28<4:53:35,  2.61item/s]Processing:   0%|          | 66/46000 [00:29<5:34:47,  2.29item/s]Processing:   0%|          | 67/46000 [00:29<5:24:14,  2.36item/s]Processing:   0%|          | 68/46000 [00:30<5:26:07,  2.35item/s]Processing:   0%|          | 69/46000 [00:30<5:08:20,  2.48item/s]Processing:   0%|          | 70/46000 [00:31<5:52:07,  2.17item/s]Processing:   0%|          | 71/46000 [00:31<6:18:22,  2.02item/s]Processing:   0%|          | 72/46000 [00:32<8:05:50,  1.58item/s]Processing:   0%|          | 73/46000 [00:33<7:53:10,  1.62item/s]Processing:   0%|          | 74/46000 [00:33<6:59:02,  1.83item/s]Processing:   0%|          | 75/46000 [00:34<6:22:22,  2.00item/s]Processing:   0%|          | 76/46000 [00:34<6:05:12,  2.10item/s]Processing:   0%|          | 77/46000 [00:34<5:54:50,  2.16item/s]Processing:   0%|          | 78/46000 [00:35<5:45:59,  2.21item/s]Processing:   0%|          | 79/46000 [00:35<5:38:14,  2.26item/s]Processing:   0%|          | 80/46000 [00:36<5:59:15,  2.13item/s]Processing:   0%|          | 81/46000 [00:36<6:15:26,  2.04item/s]Processing:   0%|          | 82/46000 [00:37<6:44:51,  1.89item/s]Processing:   0%|          | 83/46000 [00:37<6:42:39,  1.90item/s]Processing:   0%|          | 84/46000 [00:38<6:51:41,  1.86item/s]Processing:   0%|          | 85/46000 [00:39<7:50:04,  1.63item/s]Processing:   0%|          | 86/46000 [00:39<6:56:26,  1.84item/s]Processing:   0%|          | 87/46000 [00:40<6:36:01,  1.93item/s]Processing:   0%|          | 88/46000 [00:40<6:38:41,  1.92item/s]Processing:   0%|          | 89/46000 [00:41<6:37:05,  1.93item/s]Processing:   0%|          | 90/46000 [00:41<6:45:09,  1.89item/s]Processing:   0%|          | 91/46000 [00:42<6:33:36,  1.94item/s]Processing:   0%|          | 92/46000 [00:42<6:01:14,  2.12item/s]Processing:   0%|          | 93/46000 [00:43<6:20:53,  2.01item/s]Processing:   0%|          | 94/46000 [00:43<6:06:38,  2.09item/s]Processing:   0%|          | 95/46000 [00:44<6:04:14,  2.10item/s]Processing:   0%|          | 96/46000 [00:44<5:48:49,  2.19item/s]Processing:   0%|          | 97/46000 [00:44<5:51:36,  2.18item/s]Processing:   0%|          | 98/46000 [00:45<5:45:39,  2.21item/s]Processing:   0%|          | 99/46000 [00:45<5:41:48,  2.24item/s]Processing:   0%|          | 100/46000 [00:46<5:22:48,  2.37item/s]Processing:   0%|          | 101/46000 [00:46<5:11:21,  2.46item/s]Processing:   0%|          | 102/46000 [00:46<5:10:34,  2.46item/s]Processing:   0%|          | 103/46000 [00:47<5:18:00,  2.41item/s]Processing:   0%|          | 104/46000 [00:47<5:06:10,  2.50item/s]Processing:   0%|          | 105/46000 [00:48<5:22:39,  2.37item/s]Processing:   0%|          | 106/46000 [00:48<5:13:24,  2.44item/s]Processing:   0%|          | 107/46000 [00:48<4:51:07,  2.63item/s]Processing:   0%|          | 108/46000 [00:49<5:05:13,  2.51item/s]Processing:   0%|          | 109/46000 [00:49<5:05:30,  2.50item/s]Processing:   0%|          | 110/46000 [00:50<5:14:25,  2.43item/s]Processing:   0%|          | 111/46000 [00:50<5:16:59,  2.41item/s]Processing:   0%|          | 112/46000 [00:51<5:41:44,  2.24item/s]Processing:   0%|          | 113/46000 [00:51<5:20:22,  2.39item/s]Processing:   0%|          | 114/46000 [00:51<5:18:12,  2.40item/s]Processing:   0%|          | 115/46000 [00:52<5:36:33,  2.27item/s]Processing:   0%|          | 116/46000 [00:52<5:48:37,  2.19item/s]Processing:   0%|          | 117/46000 [00:53<5:23:12,  2.37item/s]Processing:   0%|          | 118/46000 [00:53<5:17:58,  2.40item/s]Processing:   0%|          | 119/46000 [00:54<5:20:05,  2.39item/s]Processing:   0%|          | 120/46000 [00:54<5:39:15,  2.25item/s]Processing:   0%|          | 121/46000 [00:54<5:27:32,  2.33item/s]Processing:   0%|          | 122/46000 [00:55<6:32:31,  1.95item/s]Processing:   0%|          | 123/46000 [00:56<6:29:36,  1.96item/s]Processing:   0%|          | 124/46000 [00:56<6:20:48,  2.01item/s]Processing:   0%|          | 125/46000 [00:57<5:51:59,  2.17item/s]Processing:   0%|          | 126/46000 [00:57<5:53:10,  2.16item/s]Processing:   0%|          | 127/46000 [00:58<6:10:22,  2.06item/s]Processing:   0%|          | 128/46000 [00:58<5:54:52,  2.15item/s]Processing:   0%|          | 129/46000 [00:58<5:46:59,  2.20item/s]Processing:   0%|          | 130/46000 [00:59<5:20:07,  2.39item/s]Processing:   0%|          | 131/46000 [00:59<5:12:41,  2.44item/s]Processing:   0%|          | 132/46000 [01:00<5:19:49,  2.39item/s]Processing:   0%|          | 133/46000 [01:00<6:58:33,  1.83item/s]Processing:   0%|          | 134/46000 [01:01<6:40:53,  1.91item/s]Processing:   0%|          | 135/46000 [01:01<6:34:21,  1.94item/s]Processing:   0%|          | 136/46000 [01:02<6:52:04,  1.85item/s]Processing:   0%|          | 137/46000 [01:03<8:26:08,  1.51item/s]Processing:   0%|          | 138/46000 [01:03<7:23:06,  1.72item/s]Processing:   0%|          | 139/46000 [01:04<7:03:05,  1.81item/s]Processing:   0%|          | 140/46000 [01:04<6:45:53,  1.88item/s]Processing:   0%|          | 141/46000 [01:05<6:24:00,  1.99item/s]Processing:   0%|          | 142/46000 [01:05<6:38:03,  1.92item/s]Processing:   0%|          | 143/46000 [01:06<7:55:40,  1.61item/s]Processing:   0%|          | 144/46000 [01:07<7:56:37,  1.60item/s]Processing:   0%|          | 145/46000 [01:08<8:59:28,  1.42item/s]Processing:   0%|          | 146/46000 [01:08<8:27:15,  1.51item/s]Processing:   0%|          | 147/46000 [01:09<7:38:34,  1.67item/s]Processing:   0%|          | 148/46000 [01:09<7:21:12,  1.73item/s]Processing:   0%|          | 149/46000 [01:10<7:17:12,  1.75item/s]Processing:   0%|          | 150/46000 [01:10<7:13:01,  1.76item/s]Processing:   0%|          | 151/46000 [01:11<8:31:28,  1.49item/s]Processing:   0%|          | 152/46000 [01:12<8:18:25,  1.53item/s]Processing:   0%|          | 153/46000 [01:12<8:05:20,  1.57item/s]Processing:   0%|          | 154/46000 [01:13<7:08:15,  1.78item/s]Processing:   0%|          | 155/46000 [01:13<7:08:53,  1.78item/s]Processing:   0%|          | 156/46000 [01:14<7:05:32,  1.80item/s]Processing:   0%|          | 157/46000 [01:14<7:10:48,  1.77item/s]Processing:   0%|          | 158/46000 [01:15<7:17:35,  1.75item/s]Processing:   0%|          | 159/46000 [01:16<7:13:50,  1.76item/s]Processing:   0%|          | 160/46000 [01:16<6:41:54,  1.90item/s]Processing:   0%|          | 161/46000 [01:17<6:41:38,  1.90item/s]Processing:   0%|          | 162/46000 [01:17<7:03:14,  1.81item/s]Processing:   0%|          | 163/46000 [01:18<6:29:59,  1.96item/s]Processing:   0%|          | 164/46000 [01:18<6:02:18,  2.11item/s]Processing:   0%|          | 165/46000 [01:19<6:22:07,  2.00item/s]Processing:   0%|          | 166/46000 [01:19<5:57:28,  2.14item/s]Processing:   0%|          | 167/46000 [01:19<5:54:16,  2.16item/s]Processing:   0%|          | 168/46000 [01:20<5:52:20,  2.17item/s]Processing:   0%|          | 169/46000 [01:20<5:47:57,  2.20item/s]Processing:   0%|          | 170/46000 [01:21<5:32:58,  2.29item/s]Processing:   0%|          | 171/46000 [01:21<5:28:18,  2.33item/s]Processing:   0%|          | 172/46000 [01:22<5:50:13,  2.18item/s]Processing:   0%|          | 173/46000 [01:22<6:00:35,  2.12item/s]Processing:   0%|          | 174/46000 [01:23<5:44:33,  2.22item/s]Processing:   0%|          | 175/46000 [01:23<6:14:43,  2.04item/s]Processing:   0%|          | 176/46000 [01:24<6:11:08,  2.06item/s]Processing:   0%|          | 177/46000 [01:24<5:58:32,  2.13item/s]Processing:   0%|          | 178/46000 [01:25<6:24:06,  1.99item/s]Processing:   0%|          | 179/46000 [01:25<6:24:22,  1.99item/s]Processing:   0%|          | 180/46000 [01:26<6:19:14,  2.01item/s]Processing:   0%|          | 181/46000 [01:26<6:00:03,  2.12item/s]Processing:   0%|          | 182/46000 [01:26<5:50:08,  2.18item/s]Processing:   0%|          | 183/46000 [01:27<6:00:47,  2.12item/s]Processing:   0%|          | 184/46000 [01:27<5:48:24,  2.19item/s]Processing:   0%|          | 185/46000 [01:28<5:54:25,  2.15item/s]Processing:   0%|          | 186/46000 [01:28<6:19:10,  2.01item/s]Processing:   0%|          | 187/46000 [01:29<6:18:38,  2.02item/s]Processing:   0%|          | 188/46000 [01:30<7:39:42,  1.66item/s]Processing:   0%|          | 189/46000 [01:30<7:01:58,  1.81item/s]Processing:   0%|          | 190/46000 [01:31<6:40:34,  1.91item/s]Processing:   0%|          | 191/46000 [01:31<7:00:44,  1.81item/s]Processing:   0%|          | 192/46000 [01:32<7:00:48,  1.81item/s]Processing:   0%|          | 193/46000 [01:33<7:49:51,  1.62item/s]Processing:   0%|          | 194/46000 [01:33<7:13:22,  1.76item/s]Processing:   0%|          | 195/46000 [01:33<6:37:32,  1.92item/s]Processing:   0%|          | 196/46000 [01:34<6:41:12,  1.90item/s]Processing:   0%|          | 197/46000 [01:35<7:25:53,  1.71item/s]Processing:   0%|          | 198/46000 [01:35<8:09:11,  1.56item/s]Processing:   0%|          | 199/46000 [01:36<7:40:02,  1.66item/s]Processing:   0%|          | 200/46000 [01:36<7:00:48,  1.81item/s]Processing:   0%|          | 201/46000 [01:37<6:31:21,  1.95item/s]Processing:   0%|          | 202/46000 [01:37<5:54:33,  2.15item/s]Processing:   0%|          | 203/46000 [01:38<5:58:20,  2.13item/s]Processing:   0%|          | 204/46000 [01:38<6:42:55,  1.89item/s]Processing:   0%|          | 205/46000 [01:39<8:49:54,  1.44item/s]Processing:   0%|          | 206/46000 [01:40<7:46:04,  1.64item/s]Processing:   0%|          | 207/46000 [01:40<7:09:52,  1.78item/s]Processing:   0%|          | 208/46000 [01:41<7:13:21,  1.76item/s]Processing:   0%|          | 209/46000 [01:41<6:56:28,  1.83item/s]Processing:   0%|          | 210/46000 [01:42<6:35:19,  1.93item/s]Processing:   0%|          | 211/46000 [01:42<6:36:21,  1.93item/s]Processing:   0%|          | 212/46000 [01:43<6:43:38,  1.89item/s]Processing:   0%|          | 213/46000 [01:44<7:08:29,  1.78item/s]Processing:   0%|          | 214/46000 [01:44<7:17:02,  1.75item/s]Processing:   0%|          | 215/46000 [01:45<6:48:14,  1.87item/s]Processing:   0%|          | 216/46000 [01:45<6:22:06,  2.00item/s]Processing:   0%|          | 217/46000 [01:46<6:35:13,  1.93item/s]Processing:   0%|          | 218/46000 [01:46<6:52:06,  1.85item/s]Processing:   0%|          | 219/46000 [01:47<6:48:24,  1.87item/s]Processing:   0%|          | 220/46000 [01:47<6:49:35,  1.86item/s]Processing:   0%|          | 221/46000 [01:48<6:32:09,  1.95item/s]Processing:   0%|          | 222/46000 [01:48<6:17:01,  2.02item/s]Processing:   0%|          | 223/46000 [01:49<6:11:50,  2.05item/s]Processing:   0%|          | 224/46000 [01:49<5:57:52,  2.13item/s]Processing:   0%|          | 225/46000 [01:49<5:44:05,  2.22item/s]Processing:   0%|          | 226/46000 [01:50<5:57:44,  2.13item/s]Processing:   0%|          | 227/46000 [01:50<6:01:24,  2.11item/s]Processing:   0%|          | 228/46000 [01:51<5:53:03,  2.16item/s]Processing:   0%|          | 229/46000 [01:51<6:25:59,  1.98item/s]Processing:   0%|          | 230/46000 [01:52<7:53:32,  1.61item/s]Processing:   1%|          | 231/46000 [01:53<7:22:14,  1.72item/s]Processing:   1%|          | 232/46000 [01:54<9:49:31,  1.29item/s]Processing:   1%|          | 233/46000 [01:55<9:41:56,  1.31item/s]Processing:   1%|          | 234/46000 [01:55<9:18:20,  1.37item/s]Processing:   1%|          | 235/46000 [01:56<8:24:47,  1.51item/s]Processing:   1%|          | 236/46000 [01:57<8:10:49,  1.55item/s]Processing:   1%|          | 237/46000 [01:57<8:10:08,  1.56item/s]Processing:   1%|          | 238/46000 [01:58<7:12:18,  1.76item/s]Processing:   1%|          | 239/46000 [01:58<6:39:17,  1.91item/s]Processing:   1%|          | 240/46000 [01:58<6:12:29,  2.05item/s]Processing:   1%|          | 241/46000 [01:59<6:15:07,  2.03item/s]Processing:   1%|          | 242/46000 [01:59<6:16:39,  2.02item/s]Processing:   1%|          | 243/46000 [02:00<6:35:12,  1.93item/s]Processing:   1%|          | 244/46000 [02:00<6:06:40,  2.08item/s]Processing:   1%|          | 245/46000 [02:01<6:03:17,  2.10item/s]Processing:   1%|          | 246/46000 [02:01<5:49:15,  2.18item/s]Processing:   1%|          | 247/46000 [02:02<5:33:13,  2.29item/s]Processing:   1%|          | 248/46000 [02:02<5:20:28,  2.38item/s]Processing:   1%|          | 249/46000 [02:02<5:22:11,  2.37item/s]Processing:   1%|          | 250/46000 [02:03<5:36:05,  2.27item/s]Processing:   1%|          | 251/46000 [02:04<6:07:13,  2.08item/s]Processing:   1%|          | 252/46000 [02:04<5:35:05,  2.28item/s]Processing:   1%|          | 253/46000 [02:05<7:21:18,  1.73item/s]Processing:   1%|          | 254/46000 [02:05<6:33:52,  1.94item/s]Processing:   1%|          | 255/46000 [02:06<6:04:42,  2.09item/s]Processing:   1%|          | 256/46000 [02:06<5:48:33,  2.19item/s]Processing:   1%|          | 257/46000 [02:06<5:38:06,  2.25item/s]Processing:   1%|          | 258/46000 [02:07<5:44:54,  2.21item/s]Processing:   1%|          | 259/46000 [02:07<5:46:10,  2.20item/s]Processing:   1%|          | 260/46000 [02:08<5:39:57,  2.24item/s]Processing:   1%|          | 261/46000 [02:08<6:10:26,  2.06item/s]Processing:   1%|          | 262/46000 [02:09<5:55:14,  2.15item/s]Processing:   1%|          | 263/46000 [02:09<6:03:20,  2.10item/s]Processing:   1%|          | 264/46000 [02:10<6:08:09,  2.07item/s]Processing:   1%|          | 265/46000 [02:10<5:54:27,  2.15item/s]Processing:   1%|          | 266/46000 [02:11<5:57:53,  2.13item/s]Processing:   1%|          | 267/46000 [02:11<6:45:48,  1.88item/s]Processing:   1%|          | 268/46000 [02:12<6:44:40,  1.88item/s]Processing:   1%|          | 269/46000 [02:12<6:29:48,  1.96item/s]Processing:   1%|          | 270/46000 [02:13<6:48:10,  1.87item/s]Processing:   1%|          | 271/46000 [02:13<6:16:50,  2.02item/s]Processing:   1%|          | 272/46000 [02:14<6:51:16,  1.85item/s]Processing:   1%|          | 273/46000 [02:15<7:03:56,  1.80item/s]Processing:   1%|          | 274/46000 [02:15<6:31:48,  1.95item/s]Processing:   1%|          | 275/46000 [02:15<6:10:11,  2.06item/s]Processing:   1%|          | 276/46000 [02:16<6:21:45,  2.00item/s]Processing:   1%|          | 277/46000 [02:16<6:31:00,  1.95item/s]Processing:   1%|          | 278/46000 [02:17<6:51:12,  1.85item/s]Processing:   1%|          | 279/46000 [02:17<6:19:01,  2.01item/s]Processing:   1%|          | 280/46000 [02:18<6:12:39,  2.04item/s]Processing:   1%|          | 281/46000 [02:18<6:27:15,  1.97item/s]Processing:   1%|          | 282/46000 [02:19<6:35:29,  1.93item/s]Processing:   1%|          | 283/46000 [02:20<7:16:43,  1.74item/s]Processing:   1%|          | 284/46000 [02:21<8:23:54,  1.51item/s]Processing:   1%|          | 285/46000 [02:22<9:54:18,  1.28item/s]Processing:   1%|          | 286/46000 [02:22<8:45:31,  1.45item/s]Processing:   1%|          | 287/46000 [02:23<8:07:36,  1.56item/s]Processing:   1%|          | 288/46000 [02:23<7:24:37,  1.71item/s]Processing:   1%|          | 289/46000 [02:24<7:55:07,  1.60item/s]Processing:   1%|          | 290/46000 [02:24<7:34:25,  1.68item/s]Processing:   1%|          | 291/46000 [02:25<6:54:23,  1.84item/s]Processing:   1%|          | 292/46000 [02:25<6:35:15,  1.93item/s]Processing:   1%|          | 293/46000 [02:26<6:50:43,  1.85item/s]Processing:   1%|          | 294/46000 [02:26<6:59:58,  1.81item/s]Processing:   1%|          | 295/46000 [02:27<6:50:13,  1.86item/s]Processing:   1%|          | 296/46000 [02:28<7:09:30,  1.77item/s]Processing:   1%|          | 297/46000 [02:28<7:48:46,  1.62item/s]Processing:   1%|          | 298/46000 [02:29<7:12:53,  1.76item/s]Processing:   1%|          | 299/46000 [02:29<7:04:36,  1.79item/s]Processing:   1%|          | 300/46000 [02:30<7:14:40,  1.75item/s]Processing:   1%|          | 301/46000 [02:31<7:50:39,  1.62item/s]Processing:   1%|          | 302/46000 [02:31<7:22:50,  1.72item/s]Processing:   1%|          | 303/46000 [02:32<7:21:13,  1.73item/s]Processing:   1%|          | 304/46000 [02:32<6:42:43,  1.89item/s]Processing:   1%|          | 305/46000 [02:33<6:28:10,  1.96item/s]Processing:   1%|          | 306/46000 [02:33<6:27:47,  1.96item/s]Processing:   1%|          | 307/46000 [02:33<6:13:06,  2.04item/s]Processing:   1%|          | 308/46000 [02:34<6:04:22,  2.09item/s]Processing:   1%|          | 309/46000 [02:34<6:18:46,  2.01item/s]Processing:   1%|          | 310/46000 [02:35<6:39:24,  1.91item/s]Processing:   1%|          | 311/46000 [02:36<6:44:38,  1.88item/s]Processing:   1%|          | 312/46000 [02:36<6:16:54,  2.02item/s]Processing:   1%|          | 313/46000 [02:36<5:54:00,  2.15item/s]Processing:   1%|          | 314/46000 [02:37<6:17:50,  2.02item/s]Processing:   1%|          | 315/46000 [02:37<6:27:08,  1.97item/s]Processing:   1%|          | 316/46000 [02:38<6:03:40,  2.09item/s]Processing:   1%|          | 317/46000 [02:38<5:52:20,  2.16item/s]Processing:   1%|          | 318/46000 [02:39<6:29:22,  1.96item/s]Processing:   1%|          | 319/46000 [02:39<6:17:18,  2.02item/s]Processing:   1%|          | 320/46000 [02:40<6:25:49,  1.97item/s]Processing:   1%|          | 321/46000 [02:40<6:29:09,  1.96item/s]Processing:   1%|          | 322/46000 [02:41<7:06:15,  1.79item/s]Processing:   1%|          | 323/46000 [02:42<6:28:53,  1.96item/s]Processing:   1%|          | 324/46000 [02:42<7:00:55,  1.81item/s]Processing:   1%|          | 325/46000 [02:43<7:16:01,  1.75item/s]Processing:   1%|          | 326/46000 [02:43<7:14:55,  1.75item/s]Processing:   1%|          | 327/46000 [02:44<6:41:41,  1.90item/s]Processing:   1%|          | 328/46000 [02:44<7:07:41,  1.78item/s]Processing:   1%|          | 329/46000 [02:45<7:47:59,  1.63item/s]Processing:   1%|          | 330/46000 [02:46<8:48:40,  1.44item/s]Processing:   1%|          | 331/46000 [02:47<9:32:22,  1.33item/s]Processing:   1%|          | 332/46000 [02:48<9:34:34,  1.32item/s]Processing:   1%|          | 333/46000 [02:48<8:38:44,  1.47item/s]Processing:   1%|          | 334/46000 [02:49<8:25:54,  1.50item/s]Processing:   1%|          | 335/46000 [02:49<7:53:44,  1.61item/s]Processing:   1%|          | 336/46000 [02:50<7:55:41,  1.60item/s]Processing:   1%|          | 337/46000 [02:51<9:01:51,  1.40item/s]Processing:   1%|          | 338/46000 [02:52<9:07:29,  1.39item/s]Processing:   1%|          | 339/46000 [02:52<8:50:08,  1.44item/s]Processing:   1%|          | 340/46000 [02:53<9:46:19,  1.30item/s]Processing:   1%|          | 341/46000 [02:54<10:16:08,  1.24item/s]Processing:   1%|          | 342/46000 [02:55<10:55:13,  1.16item/s]Processing:   1%|          | 343/46000 [02:56<9:37:08,  1.32item/s] Processing:   1%|          | 344/46000 [02:56<8:35:43,  1.48item/s]Processing:   1%|          | 345/46000 [02:57<8:29:55,  1.49item/s]Processing:   1%|          | 346/46000 [02:57<7:48:46,  1.62item/s]Processing:   1%|          | 347/46000 [02:58<7:31:47,  1.68item/s]Processing:   1%|          | 348/46000 [02:58<6:42:58,  1.89item/s]Processing:   1%|          | 349/46000 [04:54<443:51:00, 35.00s/item]Processing:   1%|          | 350/46000 [04:55<314:52:23, 24.83s/item]Processing:   1%|          | 351/46000 [04:56<223:23:17, 17.62s/item]Processing:   1%|          | 352/46000 [04:56<159:48:25, 12.60s/item]Processing:   1%|          | 353/46000 [04:57<115:36:34,  9.12s/item]Processing:   1%|          | 354/46000 [04:58<83:57:10,  6.62s/item] Processing:   1%|          | 355/46000 [04:59<62:11:13,  4.90s/item]Processing:   1%|          | 356/46000 [05:00<46:57:33,  3.70s/item]Processing:   1%|          | 357/46000 [05:01<36:21:28,  2.87s/item]Processing:   1%|          | 358/46000 [05:02<28:47:06,  2.27s/item]Processing:   1%|          | 359/46000 [05:03<23:44:27,  1.87s/item]Processing:   1%|          | 360/46000 [05:05<26:54:53,  2.12s/item]Processing:   1%|          | 361/46000 [05:06<21:43:49,  1.71s/item]Processing:   1%|          | 362/46000 [05:07<17:40:30,  1.39s/item]Processing:   1%|          | 363/46000 [05:08<14:54:52,  1.18s/item]Processing:   1%|          | 364/46000 [05:08<13:01:02,  1.03s/item]Processing:   1%|          | 365/46000 [05:09<12:36:44,  1.01item/s]Processing:   1%|          | 366/46000 [05:10<11:17:03,  1.12item/s]Processing:   1%|          | 367/46000 [05:11<11:02:50,  1.15item/s]Processing:   1%|          | 368/46000 [05:11<10:30:58,  1.21item/s]Processing:   1%|          | 369/46000 [05:12<10:34:37,  1.20item/s]Processing:   1%|          | 370/46000 [05:13<10:00:57,  1.27item/s]Processing:   1%|          | 371/46000 [05:13<9:21:16,  1.35item/s] Processing:   1%|          | 372/46000 [05:14<9:12:00,  1.38item/s]Processing:   1%|          | 373/46000 [05:17<18:47:21,  1.48s/item]Processing:   1%|          | 374/46000 [05:18<16:23:38,  1.29s/item]Processing:   1%|          | 375/46000 [05:19<15:39:48,  1.24s/item]Processing:   1%|          | 376/46000 [05:20<14:01:10,  1.11s/item]Processing:   1%|          | 377/46000 [05:21<13:01:45,  1.03s/item]Processing:   1%|          | 378/46000 [05:22<12:58:18,  1.02s/item]Processing:   1%|          | 379/46000 [05:23<12:38:57,  1.00item/s]Processing:   1%|          | 380/46000 [05:24<11:52:16,  1.07item/s]Processing:   1%|          | 381/46000 [05:25<13:14:54,  1.05s/item]Processing:   1%|          | 382/46000 [05:27<14:46:47,  1.17s/item]Processing:   1%|          | 383/46000 [05:28<14:16:24,  1.13s/item]Processing:   1%|          | 384/46000 [05:28<12:52:20,  1.02s/item]Processing:   1%|          | 385/46000 [05:30<14:04:41,  1.11s/item]Processing:   1%|          | 386/46000 [05:31<13:30:02,  1.07s/item]Processing:   1%|          | 387/46000 [05:31<12:07:39,  1.04item/s]Processing:   1%|          | 388/46000 [05:32<11:31:36,  1.10item/s]Processing:   1%|          | 389/46000 [05:33<11:53:47,  1.07item/s]Processing:   1%|          | 390/46000 [05:34<12:02:32,  1.05item/s]Processing:   1%|          | 391/46000 [05:35<11:20:38,  1.12item/s]Processing:   1%|          | 392/46000 [05:36<10:44:24,  1.18item/s]Processing:   1%|          | 393/46000 [07:15<384:32:55, 30.35s/item]Processing:   1%|          | 394/46000 [07:15<270:47:42, 21.38s/item]Processing:   1%|          | 395/46000 [07:16<191:36:47, 15.13s/item]Processing:   1%|          | 396/46000 [07:16<135:58:35, 10.73s/item]Processing:   1%|          | 396/46000 [13:35<26:05:18,  2.06s/item] 
Traceback (most recent call last):
  File "/Users/bijankhazaei/PycharmProjects/drugCrawler/.venv/lib/python3.10/site-packages/urllib3/connectionpool.py", line 536, in _make_request
    response = conn.getresponse()
  File "/Users/bijankhazaei/PycharmProjects/drugCrawler/.venv/lib/python3.10/site-packages/urllib3/connection.py", line 461, in getresponse
    httplib_response = super().getresponse()
  File "/Library/Frameworks/Python.framework/Versions/3.10/lib/python3.10/http/client.py", line 1374, in getresponse
    response.begin()
  File "/Library/Frameworks/Python.framework/Versions/3.10/lib/python3.10/http/client.py", line 318, in begin
    version, status, reason = self._read_status()
  File "/Library/Frameworks/Python.framework/Versions/3.10/lib/python3.10/http/client.py", line 279, in _read_status
    line = str(self.fp.readline(_MAXLINE + 1), "iso-8859-1")
  File "/Library/Frameworks/Python.framework/Versions/3.10/lib/python3.10/socket.py", line 705, in readinto
    return self._sock.recv_into(b)
  File "/Library/Frameworks/Python.framework/Versions/3.10/lib/python3.10/ssl.py", line 1274, in recv_into
    return self.read(nbytes, buffer)
  File "/Library/Frameworks/Python.framework/Versions/3.10/lib/python3.10/ssl.py", line 1130, in read
    return self._sslobj.read(len, buffer)
TimeoutError: The read operation timed out

The above exception was the direct cause of the following exception:

Traceback (most recent call last):
  File "/Users/bijankhazaei/PycharmProjects/drugCrawler/.venv/lib/python3.10/site-packages/requests/adapters.py", line 486, in send
    resp = conn.urlopen(
  File "/Users/bijankhazaei/PycharmProjects/drugCrawler/.venv/lib/python3.10/site-packages/urllib3/connectionpool.py", line 844, in urlopen
    retries = retries.increment(
  File "/Users/bijankhazaei/PycharmProjects/drugCrawler/.venv/lib/python3.10/site-packages/urllib3/util/retry.py", line 470, in increment
    raise reraise(type(error), error, _stacktrace)
  File "/Users/bijankhazaei/PycharmProjects/drugCrawler/.venv/lib/python3.10/site-packages/urllib3/util/util.py", line 39, in reraise
    raise value
  File "/Users/bijankhazaei/PycharmProjects/drugCrawler/.venv/lib/python3.10/site-packages/urllib3/connectionpool.py", line 790, in urlopen
    response = self._make_request(
  File "/Users/bijankhazaei/PycharmProjects/drugCrawler/.venv/lib/python3.10/site-packages/urllib3/connectionpool.py", line 538, in _make_request
    self._raise_timeout(err=e, url=url, timeout_value=read_timeout)
  File "/Users/bijankhazaei/PycharmProjects/drugCrawler/.venv/lib/python3.10/site-packages/urllib3/connectionpool.py", line 370, in _raise_timeout
    raise ReadTimeoutError(
urllib3.exceptions.ReadTimeoutError: HTTPSConnectionPool(host='irc.fda.gov.ir', port=443): Read timed out. (read timeout=100)

During handling of the above exception, another exception occurred:

Traceback (most recent call last):
  File "/Users/bijankhazaei/PycharmProjects/drugCrawler/main.py", line 118, in <module>
    row = fetch_data_from_url(url)
  File "/Users/bijankhazaei/PycharmProjects/drugCrawler/main.py", line 42, in fetch_data_from_url
    response = requests.get(f'https://irc.fda.gov.ir/NFI/Detail/{url_id}', headers=headers, timeout=100)
  File "/Users/bijankhazaei/PycharmProjects/drugCrawler/.venv/lib/python3.10/site-packages/requests/api.py", line 73, in get
    return request("get", url, params=params, **kwargs)
  File "/Users/bijankhazaei/PycharmProjects/drugCrawler/.venv/lib/python3.10/site-packages/requests/api.py", line 59, in request
    return session.request(method=method, url=url, **kwargs)
  File "/Users/bijankhazaei/PycharmProjects/drugCrawler/.venv/lib/python3.10/site-packages/requests/sessions.py", line 589, in request
    resp = self.send(prep, **send_kwargs)
  File "/Users/bijankhazaei/PycharmProjects/drugCrawler/.venv/lib/python3.10/site-packages/requests/sessions.py", line 703, in send
    r = adapter.send(request, **kwargs)
  File "/Users/bijankhazaei/PycharmProjects/drugCrawler/.venv/lib/python3.10/site-packages/requests/adapters.py", line 532, in send
    raise ReadTimeout(e, request=request)
requests.exceptions.ReadTimeout: HTTPSConnectionPool(host='irc.fda.gov.ir', port=443): Read timed out. (read timeout=100)
